<?xml version="1.0" encoding="UTF-8"?>
<testsuites name="core-metadata" tests="8" time="0.084">
  <testsuite name="provisionwatcher_error_4xx / 281 http://localhost:48081/api/v1/provisionwatcher/id/:id" id="e0b329ce-4cdd-4b32-a6e4-7c2a8d057f58" tests="2" failures="0" errors="0" time="0.024">
    <testcase name="Status code is 404" time="0.024"/>
    <testcase name="Response time is less than 400ms" time="0.024"/>
  </testsuite>
  <testsuite name="provisionwatcher_error_4xx / 286 http://localhost:48081/api/v1/provisionwatcher/name/:name" id="79d34410-aec0-45c0-9df1-0f20e2f04b23" tests="2" failures="0" errors="0" time="0.034">
    <testcase name="Status code is 404" time="0.034"/>
    <testcase name="Response time is less than 400ms" time="0.034"/>
  </testsuite>
  <testsuite name="provisionwatcher_error_4xx / 292 http://localhost:48081/api/v1/provisionwatcher/profile/:profileId" id="67ee3df5-3990-4d9b-9c8c-f2f7574fc263" tests="2" failures="0" errors="0" time="0.003">
    <testcase name="Status code is 404" time="0.003"/>
    <testcase name="Response time is less than 400ms" time="0.003"/>
  </testsuite>
  <testsuite name="provisionwatcher_error_4xx / 295 http://localhost:48081/api/v1/provisionwatcher/profilename/:profilename" id="b43f0171-1d79-4196-be4c-f9995d3b9451" tests="2" failures="0" errors="0" time="0.005">
    <testcase name="Status code is 404" time="0.005"/>
    <testcase name="Response time is less than 400" time="0.005"/>
  </testsuite>
  <testsuite name="provisionwatcher_error_4xx / 298 http://localhost:48081/api/v1/provisionwatcher/service/:serviceId" id="1f8c2f21-307e-48bc-9620-f581c1c547e9" tests="2" failures="0" errors="0" time="0.004">
    <testcase name="Status code is 404" time="0.004"/>
    <testcase name="Response time is less than 400ms" time="0.004"/>
  </testsuite>
  <testsuite name="provisionwatcher_error_4xx / 301 http://localhost:48081/api/v1/provisionwatcher/servicename/:servicename" id="8306b78b-e054-49e2-ab3e-aa7d44b5fee9" tests="2" failures="0" errors="0" time="0.005">
    <testcase name="Status code is 404" time="0.005"/>
    <testcase name="Response time is less than 400ms" time="0.005"/>
  </testsuite>
  <testsuite name="provisionwatcher_error_4xx / 308 http://localhost:48081/api/v1/provisionwatcher" id="aaa4e802-eb80-45b1-b324-8837bff6f9af" tests="2" failures="0" errors="0" time="0.007">
    <testcase name="Status code is 404" time="0.007"/>
    <testcase name="Response time is less than 400ms" time="0.007"/>
  </testsuite>
  <testsuite name="provisionwatcher_error_4xx / 306 http://localhost:48081/api/v1/provisionwatcher" id="d13381fe-ffcc-447e-be60-a88c964ec56c" tests="2" failures="0" errors="0" time="0.002">
    <testcase name="Status code is 409" time="0.002"/>
    <testcase name="Response time is less than 400ms" time="0.002"/>
  </testsuite>
</testsuites>