<?xml version="1.0" encoding="UTF-8"?>
<testsuites name="core-data" tests="8" time="0.113">
  <testsuite name="valuedescriptor_error_4xx / 72 http://localhost:48080/api/v1/valuedescriptor" id="c21370e4-73f7-43a2-91ec-f072e22f906a" tests="4" failures="0" errors="0" time="0.063">
    <testcase name="Status code is 404" time="0.063"/>
    <testcase name="Response time is less than 200ms" time="0.063"/>
    <testcase name="Has Content-Type" time="0.063"/>
    <testcase name="Content-Type is text/plain" time="0.063"/>
  </testsuite>
  <testsuite name="valuedescriptor_error_4xx / 69 http://localhost:48080/api/v1/valuedescriptor" id="58cd3ea5-521d-43c7-95b8-48eefa1b8a60" tests="4" failures="1" errors="0" time="0.018">
    <testcase name="Status code is 409" time="0.018" classname="valuedescriptor_error_4xx / 69 http://localhost:48080/api/v1/valuedescriptor">
      <failure type="AssertionFailure">
        <![CDATA[Failed 1 times.]]>
        <![CDATA[Collection JSON ID: 8cb53c83-65f6-458a-9a99-c72a04fa2c54.]]>
        <![CDATA[Collection name: core-data.]]>
        <![CDATA[Request name: valuedescriptor_error_4xx / 69 http://localhost:48080/api/v1/valuedescriptor.]]>
        <![CDATA[Test description: Status code is 409.]]>
        <![CDATA[Error message: expected false to be truthy.]]>
        <![CDATA[Stacktrace: AssertionError: expected false to be truthy
   at Object.eval sandbox-script.js:1:2).]]>
      </failure>
    </testcase>
    <testcase name="Response time is less than 200ms" time="0.018"/>
    <testcase name="Has Content-Type" time="0.018"/>
    <testcase name="Content-Type is text/plain" time="0.018"/>
  </testsuite>
  <testsuite name="valuedescriptor_error_4xx / 77 http://localhost:48080/api/v1/valuedescriptor/id/:id" id="5a56d79b-2825-45dc-92ed-32cba5d022aa" tests="4" failures="1" errors="0" time="0.007">
    <testcase name="Status code is 404" time="0.007" classname="valuedescriptor_error_4xx / 77 http://localhost:48080/api/v1/valuedescriptor/id/:id">
      <failure type="AssertionFailure">
        <![CDATA[Failed 1 times.]]>
        <![CDATA[Collection JSON ID: 8cb53c83-65f6-458a-9a99-c72a04fa2c54.]]>
        <![CDATA[Collection name: core-data.]]>
        <![CDATA[Request name: valuedescriptor_error_4xx / 77 http://localhost:48080/api/v1/valuedescriptor/id/:id.]]>
        <![CDATA[Test description: Status code is 404.]]>
        <![CDATA[Error message: expected false to be truthy.]]>
        <![CDATA[Stacktrace: AssertionError: expected false to be truthy
   at Object.eval sandbox-script.js:1:3).]]>
      </failure>
    </testcase>
    <testcase name="Response time is less than 200ms" time="0.007"/>
    <testcase name="Has Content-Type" time="0.007"/>
    <testcase name="Content-Type is text/plain" time="0.007"/>
  </testsuite>
  <testsuite name="valuedescriptor_error_4xx / 83 http://localhost:48080/api/v1/valuedescriptor/name/:name" id="df48727f-7b87-4b98-804a-c5ffbb561e99" tests="4" failures="0" errors="0" time="0.006">
    <testcase name="Status code is 404" time="0.006"/>
    <testcase name="Response time is less than 200ms" time="0.006"/>
    <testcase name="Has Content-Type" time="0.006"/>
    <testcase name="Content-Type is text/plain" time="0.006"/>
  </testsuite>
  <testsuite name="valuedescriptor_error_4xx / 78 http://localhost:48080/api/v1/valuedescriptor/id/:id 409" id="f19a50a4-69c2-4797-bc57-6847b75e6398" tests="4" failures="0" errors="0" time="0.005">
    <testcase name="Status code is 409" time="0.005"/>
    <testcase name="Response time is less than 200ms" time="0.005"/>
    <testcase name="Has Content-Type" time="0.005"/>
    <testcase name="Content-Type is text/plain" time="0.005"/>
  </testsuite>
  <testsuite name="valuedescriptor_error_4xx / 84 http://localhost:48080/api/v1/valuedescriptor/name/:name 409" id="b12a9ab8-541e-4337-beb7-47e1dc100a90" tests="4" failures="0" errors="0" time="0.006">
    <testcase name="Status code is 409" time="0.006"/>
    <testcase name="Response time is less than 200ms" time="0.006"/>
    <testcase name="Has Content-Type" time="0.006"/>
    <testcase name="Content-Type is text/plain" time="0.006"/>
  </testsuite>
  <testsuite name="valuedescriptor_error_4xx / 103 http://localhost:48080/api/v1/valuedescriptor" id="b7a25218-61a8-43dc-b03a-d02e25a640ce" tests="4" failures="1" errors="0" time="0.003">
    <testcase name="Status code is 409" time="0.003" classname="valuedescriptor_error_4xx / 103 http://localhost:48080/api/v1/valuedescriptor">
      <failure type="AssertionFailure">
        <![CDATA[Failed 1 times.]]>
        <![CDATA[Collection JSON ID: 8cb53c83-65f6-458a-9a99-c72a04fa2c54.]]>
        <![CDATA[Collection name: core-data.]]>
        <![CDATA[Request name: valuedescriptor_error_4xx / 103 http://localhost:48080/api/v1/valuedescriptor.]]>
        <![CDATA[Test description: Status code is 409.]]>
        <![CDATA[Error message: expected false to be truthy.]]>
        <![CDATA[Stacktrace: AssertionError: expected false to be truthy
   at Object.eval sandbox-script.js:1:7).]]>
      </failure>
    </testcase>
    <testcase name="Response time is less than 200ms" time="0.003"/>
    <testcase name="Has Content-Type" time="0.003"/>
    <testcase name="Content-Type is text/plain" time="0.003"/>
  </testsuite>
  <testsuite name="valuedescriptor_error_4xx / 104 http://localhost:48080/api/v1/valuedescriptor 409" id="b3a6b8fa-5543-4032-9c81-55b20b380d0a" tests="4" failures="0" errors="0" time="0.005">
    <testcase name="Status code is 409" time="0.005"/>
    <testcase name="Response time is less than 200ms" time="0.005"/>
    <testcase name="Has Content-Type" time="0.005"/>
    <testcase name="Content-Type is text/plain" time="0.005"/>
  </testsuite>
</testsuites>